[    000000] Lnux version 4.15.0-23-generic (buildd@lgw01-amd64-055) (gcvesion 7.3.0 (Ubun 7.3.0-16uuntu) #2Ubun SMPed May 23 18:02:16 UTC 2018 (Ubuntu 150-23.25-eneric 4.15.18)
[    0.000] Cmand line: BOOT_AGE=/boot/vmlinu-415.0-2genec ro=LABELcludimg-rootfs ro console=ttyconse=tyS0
[    0.000000] KERNEL supported cpus:
[    0.000000]   Intel GenuineIntel
[    0.000000]   AMD AuthenticAMD
[    0.000000]   Centaur CentaurHauls
[    0.000000] x86/fpu: Supporting XSAVE feature 0x001: 'x87 floating point registers'
[    0.000000] x86/fpu: Supporting XSAVE feature 0x002: 'SSE registers'
[    0.000000] x86/fpu: Supporting XSAVE feature 0x004: 'AVX registers'
[    0.000000] x86/fpu: xstate_offset[2]:  576, xstate_sizes[2]:  256
[    0.000000] x86/fpu: Enabled xstate features 0x7, context size is 832 bytes, using 'standard' format.
[    0.000000] e820: BIOS-provided physical RAM map:
[    0.000000] BIOS-e820: [mem 0x0000000000000000-0x000000000009fbff] usable
[    0.000000] BIOS-e820: [mem 0x000000000009fc00-0x000000000ffff] served
[    0.000000] BIOS-e820[mem 0x0000000000f0000-0x00000000000fffff] reserve
    0.000000] BIOS-e820: [mem 0x000000000100000-0x000000003ffeffff] usable
[    0.000000] BIOS-e820: [mem 0x000000003fff0000-0x000000003fffffff] ACPI data
[    0.000000] BIOS-e820: [mem 0x00000000fec00000-0x00000000fec00fff] reserved
[    0.000000] BIOS-e820: [mem 0x00000000fee00000-0x00000000fee00fff] reserved
[    0.000000] BIOS-e820: [mem 0x00000000fffc0000-0x00000000ffffffff] reserved
[    0.000000] NX (Execute Disable) protection: active
[    0.000000] random: fast init done
[    0.000000] SMBIOS 2.5 present.
[    0.000000] DMI: innotek GmbH VirtualBox/VirtualBox, BIOS VirtualBox 12/01/2006
[    0.000000] Hypervisor detected: KVM
[    0.000000] e820: last_pfn = 0x3fff0 max_arch_pfn = 0x400000000
[    0.000000] MTRR: Disabled
[    0.000000] x86/PAT: MTRRs disabled, skipping PAT initialization too.
[    0.000000] CPU MTRRs all blank - virtualized system.
[    0.000000] x86/PAT: Configuration [0-7]: WB  WT  UC- UC  WB  WT  UC- UC  
[    0.000000] found SMP M-tableat [m 0x0009fff0-0x0009ffff] mappeat [        (ptrval)]
[    0.000000] Scanning 1 areas for low memory corruptio
[    0.000000] RAMDISK: em 0x35aed000-0x36d6dfff]
   0.0000]CP: Early table chksum verification disabled
[    0.000000] ACPI: RSDP 0x00000000000E00000024 (v02 VBOX  )
[    0.000000] ACPI: XSDT 0x00000003F00300003(v01BOX   VBOXXSDT 00000001 ASL  00000061)
[    0.000000] ACPI: FACP 0x000000003FFF00F0 0000F4 (v04 VBOX   VBOXFACP 00000001 ASL  00000061)
[    0.000000] ACPI: DSDT 0x000000003FFF0470 0021FF (v02 VBOX   VBOXBIOS 00000002 INTL 20180531)
[    0.000000] ACPI: FACS 0x000000003FFF0200 000040
[    0.000000] ACPI: FACS 0x000000003FFF0200 000040
[    0.000000] ACPI: APIC 0x000000003FFF0240 00005C (v02 VBOX   VBOXAPIC 00000001 ASL  00000061)
[    0.000000] ACPI: SSDT 0x000000003FFF02A0 0001CC (v01 VBOX   VBOXCPUT 00000002 INTL 20180531)
[    0.000000] No NUMA configuration found
[    0.000000] Faking a node att [mem 0x0000000000000000-0x000000003ffeffff]
[    0.000000] NODE_DATA(0) allocated [mem 0x3ffc5000-0x3ffeffff]
[    0.000000] kvm-clock: cpu 0, msr 0:3ff44001, primary cpu clock
[    0.000000] kvm-clock: Using msrs 4b564d01 and 4b564d00
[    0.000000] kvm-clock: using sched offset of 3849875213 cycles
[    0.000000] clocksource: kvm-clock: mask: 0xffffffffffffffff max_cycles: 0x1cd42e4dffb, max_idle_ns: 881590591483 ns
[    0.000000] Zo rans:
[    0.00000]   DMA      [mem 0x0000000000001000-0x0000000000ffffff]
[    0.000000]   DMA32    [mem 0x0000000001000000-0x000000003ffeffff]
[    0.000000]   Normal   empty
[   .0000]   Device   epty
[    0.000000] Movable zne sart or eh no
[   .0000] Ear memy nodeange
[  0.0000]   node   0: [mem 0x0000000000001000-0x0000000000efff
[  0.00000]   node  0: mem 0x000000000100000-0x000000003ffeffff]
[    0.000000] Initmemetup node 0 [mem 0x0000000000001000-0x000000003ffeffff]
[    0.000000] Reserved but unavailable: 98 pages
[    0.000000] ACPI: PM-Timer IO Port: 0x4008
[    0.000000] IOAPIC[0]: apic_id 2, version 32, address 0xfec00000, GSI 0-23
[    0.000000] ACPI: INT_SRC_OVR (bus 0 bus_irq 0 global_irq 2 dfl dfl)
[    0.000000] ACPI: INT_SRC_OVR (bus 0 bus_irq 9 global_irq 9 low level)
[    0.000000] Using ACPI (MADT) for SMP configuration information
[    0.000000] smpboot: Allowing 2 CPUs, 0 hotplug CPUs
[    0.000000] PM: Registered nosave memory: [mem 0x00000000x0000ff]
[    0.000000] PM: Registered nosave memory: [mem 0x0009f000-0x0009ffff]
[    0.000000] PM: Registered nosave memory: [mem 0x000a0000-0x000effff]
[    0.000000] PM: Registered nosave memory: [mem 0x000f0000-0x000fffff]
[    0.000000] e820: [me 0x40000000-0xfebfffff] availble for PCI devices
[    .000000] Bting paravirtualized kernel onKVM
[    0.000000] clocksource: efined-jifies: mask: 0xffffffff max_cyycles: 0xffffffff, max_idle_ns: 7645519600211568 ns
[    0.000000] setup_percpu: NR_CPUS:8192 nr_cpumask_bits:2 nr_cpu_ids:2 nr_node_ids:1
[    0.000000] percpu: Embedded 46 pages/cpu @        (ptrval) s151552 r8192 d28672 u1048576
[    0.000000] PV qspinlock hash table entries: 256 (order: 0, 4096 bytes)
[    0.000000] Built 1 zonelists, mobility grouping on.  Total pages: 257913
[    0.000000] Policy zone: DMA32
[    0.000000] Kernel command line: BOOT_IMAGE=/boot/vmlinuz-4.15.0-23-generic root=LABEL=cloudimg-rootfs ro console=tty1 console=ttyS0
[    0.000000] Memory: 983636K/1048120K available (12300K kernel code, 2470K rwdata, 4240K rodata, 2408K init, 2416K bss, 64484K reserved, 0K cma-reserved)
[    0.000000] SLUB: HWalign=64, Order=0-3, MinObjects=0, CPUs=2, Nodes=1
[    0.000000] Kernel/User page tables isolation: enabled
[    0.000000] ftrace: allocating 39083 entries in 153 pages
[    0.004000] Hierarchical RCU implementation.
[    0.00400] 	RCU restricting CPUs from NR_CPUS=8192 to nr_cpu_ids=2.
[    0.004000] 	Tasks RCU enabled.
[    0.004000] RCU: Adjusting geometry for rcu_fanout_leaf=16, nr_cpu_ids=2
[    0.004000] NR_IRQS: 524544, nr_irqs: 440, preallocated irqs: 16
[    0.004000] Console: colour VGA+ 80x25
[    0.004000] console [tty1] enabled
[    0.004000] console [ttyS0] enabled
[    0.004000] ACPI: Core revision 20170831
[    0.004000] ACPI: 2 ACPI AML tables successfully acquired and loaded
[    0.004000] APIC: Switch to symmetric I/O mode setup
[    0.004000] x2apic enabled
[    0.004000] Switched APIC routing to physical x2apic.
[    0.004000] ..TIMER: vector=0x30 apic1=0 pin1=2 apic2=-1 pin2=-1
[    0.004000] tsc: Detected 2591.998 MHz processor
[    0.004013] Calibrating delay loop (skipped) preset value.. 5183.99 BogoMIPS (lpj=10367992)
[    0.005039] pid_max: default: 32768 minimum: 301
[    0.005650] Security Framework initialized
[    0.006244] Yama: becoming mindful.
[    0.007677] AppArmor: AppArmor initialized
[    0.008000] Dentry cache hash table entries: 131072 (order: 8, 1048576 bytes)
[    0.008048] Inode-cache hash table entries: 65536 (order: 7, 524288 bytes)
[    0.008940] Mount-cache hash table entries: 2048 (order: 2, 16384 bytes)
[    0.009907] Mountpoint-cache hash table entries: 2048 (order: 2, 16384 bytes)
[    0.010946] CPU: Physical Processor ID: 0
[    0.012001] CPU: Processor Core ID: 0
[    0.012508] mce: CPU supports 0 MCE banks
[    0.013118] Last level iTLB entries: 4KB 128, 2MB 8, 4MB 8
[    0.013934] Last level dTLB entries: 4KB 64, 2MB 0, 4MB 0, 1GB 4
[    0.014661] Spectre V2 : Mitigation: Full generic retpoline
[    0.015341] Spectre V2 : Spectre v2 mitigation: Filling RSB on context switch
[    0.016001] Speculative Store Bypass: Vulnerable
[    0.016825] Freeing SMP alternatives memory: 36K
[    0.020000] smpboot: CPU0: Intel(R) Core(TM) i5-6440HQ CPU @ 2.60GHz (family: 0x6, model: 0x5e, stepping: 0x3)
[    0.020247] Performance Events: unsupported p6 CPU model 94 no PMU driver, software events only.
[    0.024054] Hierarchical SRCU implementation.
[    0.025395] NMI watchdog: Perf event create on CPU 0 failed with -2
[    0.028005] NMI watchdog: Perf NMI watchdog permanently disabled
[    0.032061] smp: Bringing up secondary CPUs ...
[    0.040051] x86: Booting SMP configuration:
[    0.040653] .... node  #0, CPUs:      #1
[    0.004000] kvm-clock: cpu 1, msr 0:3ff44041, secondary cpu clock
[    0.004000] mce: CPU supports 0 MCE banks
[    0.072092] smp: Brought up 1 node, 2 CPUs
[    0.076008] smpboot: Max logical packages: 1
[    0.080008] smpboot: Total of 2 processors activated (10367.99 BogoMIPS)
[    0.084047] devtmpfs: initialized
[    0.084604] x86/mm: Memory block size: 128MB
[    0.085324] evm: security.selinux
[    0.085828] evm: security.SMACK64
[    0.086368] evm: security.SMACK64EXEC
[    0.086901] evm: security.SMACK64TRANSMUTE
[    0.088003] evm: security.SMACK64MMAP
[    0.092004] evm: security.apparmor
[    0.096001] evm: security.ima
[    0.100001] evm: security.capability
[    0.104090] clocksource: jiffies: mask: 0xffffffff max_cycles: 0xffffffff, max_idle_ns: 7645041785100000 ns
[    0.108011] futex hash table entries: 512 (order: 3, 32768 bytes)
[    0.112107] pinctrl core: initialized pinctrl subsystem
[    0.120066] RTC time: 20:53:32, date: 07/05/18
[    0.124204] NET: Registered protocol family 16
[    0.128128] audit: initializing netlink subsys (disabled)
[    0.132233] audit: type=2000 audit(1530824006.587:1): state=initialized audit_enabled=0 res=1
[    0.272010] cpuidle: using governor ladder
[    0.272587] cpuidle: using governor menu
[    0.273165] ACPI: bus type PCI registered
[    0.276004] acpiphp: ACPI Hot Plug PCI Controller Driver version: 0.5
[    0.276974] PCI: Using configuration type 1 for base access
[    0.277728] HugeTLB registered 2.00 MiB page size, pre-allocated 0 pages
[    0.280143] ACPI: Added _OSI(Module Device)
[    0.284003] ACPI: Added _OSI(Processor Device)
[    0.288002] ACPI: Added _OSI(3.0 _SCP Extensions)
[    0.288655] ACPI: Added _OSI(Processor Aggregator Device)
[    0.292182] ACPI: Executed 1 blocks of module-level executable AML code
[    0.296166] ACPI: Interpreter enabled
[    0.296658] ACPI: (supports S0 S5)
[    0.297147] ACPI: Using IOAPIC for interrupt routing
[    0.297954] PCI: Using host bridge windows from ACPI; if necessary, use "pci=nocrs" and report a bug
[    0.300125] ACPI: Enabled 2 GPEs in block 00 to 07
[    0.312057] ACPI: PCI Root Bridge [PCI0] (domain 0000 [bus 00-ff])
[    0.316014] acpi PNP0A03:00: _OSC: OS supports [ASPM ClockPM Segments MSI]
[    0.317004] acpi PNP0A03:00: _OSC: not requesting OS control; OS requires [ExtendedConfig ASPM ClockPM MSI]
[    0.320013] acpi PNP0A03:00: fail to add MMCONFIG information, can't access extended PCI configuration space under this bridge.
[    0.321552] PCI host bridge to bus 0000:00
[    0.322137] pci_bus 0000:00: root bus resource [io  0x0000-0x0cf7 window]
[    0.322907] pci_bus 0000:00: root bus resource [io  0x0d00-0xffff window]
[    0.324002] pci_bus 0000:00: root bus resource [mem 0x000a0000-0x000bffff window]
[    0.324887] pci_bus 0000:00: root bus resource [mem 0x40000000-0xfdffffff window]
[    0.325897] pci_bus 0000:00: root bus resource [bus 00-ff]
[    0.328945] pci 0000:00:01.1: legacy IDE quirk: reg 0x10: [io  0x01f0-0x01f7]
[    0.329942] pci 0000:00:01.1: legacy IDE quirk: reg 0x14: [io  0x03f6]
[    0.330696] pci 0000:00:01.1: legacy IDE quirk: reg 0x18: [io  0x0170-0x0177]
[    0.331795] pci 0000:00:01.1: legacy IDE quirk: reg 0x1c: [io  0x0376]
[    0.348400] pci 0000:00:07.0: quirk: [io  0x4000-0x403f] claimed by PIIX4 ACPI
[    0.349334] pci 0000:00:07.0: quirk: [io  0x4100-0x410f] claimed by PIIX4 SMB
[    0.357302] ACPI: PCI Interrupt Link [LNKA] (IRQs 5 9 10 *11)
[    0.360249] ACPI: PCI Interrupt Link [LNKB] (IRQs 5 9 *10 11)
[    0.364152] ACPI: PCI Interrupt Link [LNKC] (IRQs 5 *9 10 11)
[    0.365038] ACPI: PCI Interrupt Link [LNKD] (IRQs 5 9 10 *11)
[    0.366198] SCSI subsystem initialized
[    0.366806] pci 0000:00:02.0: vgaarb: setting as boot VGA device
[    0.366806] pci 0000:00:02.0: vgaarb: VGA device added: decodes=io+mem,owns=io+mem,locks=none
[    0.368011] pci 0000:00:02.0: vgaarb: bridge control possible
[    0.372004] vgaarb: loaded
[    0.376050] ACPI: bus type USB registered
[    0.380049] usbcore: registered new interface driver usbfs
[    0.380840] usbcore: registered new interface driver hub
[    0.381633] usbcore: registered new device driver usb
[    0.384080] EDAC MC: Ver: 3.0.0
[    0.384737] PCI: Using ACPI for IRQ routing
[    0.384990] NetLabel: Initializing
[    0.385530] NetLabel:  domain hash size = 128
[    0.386228] NetLabel:  protocols = UNLABELED CIPSOv4 CALIPSO
[    0.388019] NetLabel:  unlabeled traffic allowed by default
[    0.388824] clocksource: Switched to clocksource kvm-clock
[    0.398199] VFS: Disk quotasqu_6.0[  0.31] S:qu-cac hh tae trs:12(oer, 96yts)

[    1.459808] AppArmor: Apprm FesteEnle
[    1.75129] p:nPCP init[  1883]npPn AI:ou 3eves
[    2.523447] clcksorce: acpi_pm: mask: 0xffffff max_cycles: 0xffffff, max_idle_ns: 2085701024 ns
[    2.574375] NET: Registered protocol family 2

[    2.575681] TCP established hash table entries: 8192 (order: 4, 65536 bytes)
[    2.576724] TCP bind hash table entries: 8192 (order: 5, 131072 bytes)
[    2.577604] TCP: Hash tables configured (established 8192 bind 8192)
[    2.578516] UDP hash table entries: 512 (order: 2, 16384 bytes)
[    2.579308] UDP-Lite hash table entries: 512 (order: 2, 16384 bytes)
[    2.580162] NET: Registered protocol family 1
[    2.580791] pci 0000:00:00.0: Limiting direct PCI/PCI transfers
[    .566 p 00::00:ctvating ISA DMA hang workarounds
[    3.043036] pci 0000:00:02.0: Video device with shadowed ROM at [mem 0x000c0000-0x000dffff]
[    3.044280] Unpacking initramfs...
[    3.282085] Freeing initrd memory: 18948K
[    3.333396] platform rtc_cmos: registered platform RTC device (no PNP device found)
[    3.601572] Scanning for low memory corruption every 60 seconds
[    3.625505] Initialise system trusted keyrings
[    3.629627] Key type blacklist registered
[    3.630344] workingset: timestamp_bits=36 max_order=18 bucket_order=0
[    3.632252] zbud: loaded
[    3.633117] squashfs: version 4.0 (2009/01/31) Phillip Lougher
[    3.634119] fuse init (API version 7.26)
[    3.636909] Key type asymmetric registered
[    3.637450] Asymmetric key parser 'x509' registered
[    3.638101] Block layer SCSI generic (bsg) driver version 0.4 loaded (major 246)
[    3.651560] io scheduler noop registered
[    3.672841] io scheduler deadline registered
[    3.683403] io scheduler cfq registered (default)
[    3.796758] ACPI: AC Adapter [AC] (on-line)
[    3.902938] input: Power Button as /devices/LNXSYSTM:00/LNXPWRBN:00/input/input0
[    4.091041] ACPI: Power Button [PWRF]
[    4.225473] input: Sleep Button as /devices/LNXSYSTM:00/LNXSLPBN:00/input/input1
[    4.473000] tsc: Refined TSC clocksource calibration: 2591.886 MHz
[    4.480107] ACPI: Sleep Button [SLPF]
[    4.480925] ACPI: Battery Slot [BAT0] (battery present)
[    4.549839] clocksource: tsc: mask: 0xffffffffffffffff max_cycles: 0x255c4b1bef6, max_idle_ns: 440795251757 ns
[    4.551272] Serial: 8250/16550 driver, 32 ports, IRQ sharing enabled
[    4.584068] 00:02: ttyS0 at I/O 0x3f8 (irq = 4, base_baud = 115200) is   16550A
[    5.045153] Linux agpgart interface v0.103
[    5.443503] loop: module loaded
[    5.552544] scsi host0: ata_piix
[    5.553210] scsi host1: ata_piix
[    5.553702] ata1: PATA max UDMA/33 cmd 0x1f0 ctl 0x3f6 bmdma 0xd000 irq 14
[    5.554555] ata2: PATA max UDMA/33 cmd 0x170 ctl 0x376 bmdma 0xd008 irq 15
[    5.555672] libphy: Fixed MDIO Bus: probed
[    5.556381] tun: Universal TUN/TAP device driver, 1.6
[    5.781967] PPP generic driver version 2.4.2
[    5.792073] ehci_hcd: USB 2.0 'Enhanced' Host Controller (EHCI) Driver
[    5.793012] ehci-pci: EHCI PCI platform driver
[    5.793605] ehci-platform: EHCI generic platform driver
[    5.794393] ohci_hcd: USB 1.1 'Open' Host Controller (OHCI) Driver
[    5.795270] ohci-pci: OHCI PCI platform driver
[    5.812142] occi-platform: OHCI generic platform driver
[    6.101936] uhci_hcd: USB Universal Host Controller Interface driver
[    6.262641] i8042: PNP: PS/2 Controller [PNP0303:PS2K,PNP0f03:PS2M] at 0x60,0x64 irq 1,12
[    6.264895] serio: i8042 KBD port at 0x60,0x64 irq 1
[    6.265517] serio: i8042 AUX port at 0x60,0x64 irq 12
[    6.501959] mousedev: PS/2 mouse device common for all mice
[    6.842215] input: AT Translated Set 2 keyboard as /devices/platform/i8042/serio0/input/input2
[    6.915579] rtc_cmos rtc_cmos: rtc core: registered rtc_cmos as rtc0
[    7.123023] rtc_cmos rtc_cms:lamsp  o d, 4 byt nam[  7103]2c /dev entries driver
[    7.936310] device-mapper: uevent: version 1.0.3
[    8.043134] device-mapper: ioctl: 4.37.0-ioctl (2017-09-20) initialised: dm-devel@redhat.com
[    8.065586] ledtrig-cpu: registered to indicate activity on CPUs
[    8.066841] NET: Registered protocol family 10
[    8.070844] Segment Routing with IPv6
[    8.071372] NET: Registered protocol family 17
[    8.072139] Key type dns_resolver registered
[    8.073140] RAS: Correctable Errors collector initialized.
[    8.073789] sched_clock: Marking stable (8073096093, 0)->(20277433007, -12204336914)
[    8.075375] registered taskstats version 1
[    8.075894] Loading compiled-in X.509 certificates
[    8.078355] Loaded X.509 cert 'Build time autogenerated kernel key: d77482c25b833df502ed38a87c5d7f330fdff3cb'
[    8.079478] zswap: loaded using pool lzo/zbud
[    8.082983] Key type big_key registered
[    8.083478] Key type trusted registered
[    8.085382] Key type encrypted registered
[    8.085892] AppArmor: AppArmor sha1 policy hashing enabled
[    8.086542] ima: No TPM chip found, activating TPM-bypass! (rc=-19)
[    8.087291] evm: HMAC attrs: 0x1
[    8.087856]   Magic number: 10:841:901
[    8.088428] clocksource clocksource0: hash matches
[    8.089003] acpi PNP0501:01: hash matches
[    8.089581] rtc_cmos rtc_cmos: setting system clock to 2018-07-05 20:53:41 UTC (1530824021)
[    8.090790] BIOS EDD facility v0.16 2004-Jun-25, 0 devices found
[    8.091558] EDD information not available.
[    8.094568] Freeing unused kernel memory: 2408K
[    8.108668] Write protecting the kernel read-only data: 20480k
[    8.202842] Freeing unused kernel memory: 2008K
[    8.264154] Freeing unused kernel memory: 1904K
[    8.387135] x86/mm: Checked W+X mappings: passed, no W+X pages found.
[    8.563055] x86/mm: Checking user space page tables
[    8.568014] x86/mm: Checked W+X mappings: passed, no W+X pages found.
Loading, please wait...
starting version 237
[    8.622540] Fusion MPT base driver 3.04.20
[    8.917426] Copyright (c) 1999-2008 LSI Corporation
[    9.235574] Fusion MPT SPI Host driver 3.04.20
[    9.674098] e1000: Intel(R) PRO/1000 Network Driver - version 7.3.21-k8-NAPI
[    9.972694] e1000: Copyright (c) 1999-2006 Intel Corporation.
[   10.072289] mptbase: ioc0: Initiating bringup
[   10.216276] AVX2 version of gcm_enc/dec engaged.
[   10.276399] AES CTR mode by8 optimization enabled
[   10.489360] input: ImExPS/2 Generic Explorer Mouse as /devices/platform/i8042/serio1/input/input4
[   11.902745] ioc0: LSI53C1030 A0: Capabilities={Initiator}
[   13.087441] scsi host2: ioc0: LSI53C1030 A0, FwRev=00000000h, Ports=1, MaxQ=256, IRQ=20
[   14.053156] scsi 2:0:0:0: Direct-Access     VBOX     HARDDISK         1.0  PQ: 0 ANSI: 5
[   14.156085] scsi target2:0:0: Beginning Domain Validation
[   14.248572] scsi target2:0:0: Domain Validation skipping write tests
[   14.249628] scsi target2:0:0: Ending Domain Validation
[   14.252571] scsi target2:0:0: asynchronous
[   14.259025] scsi 2:0:1:0: Direct-Access     VBOX     HARDDISK         1.0  PQ: 0 ANSI: 5
[   14.448429] scsi target2:0:1: Beginning Domain Validation
[   14.479150] e1000 0000:00:03.0 eth0: (PCI:33MHz:32-bit) 02:0d:b6:bd:48:b1
[   14.479154] e1000 0000:00:03.0 eth0: Intel(R) PRO/1000 Network Connection
[   14.498432] e1000 0000:00:03.0 enp0s3: renamed from eth0
[   14.543548] scsi target2:0:1: Domain Validation skipping write tests
[   14.544443] scsi target2:0:1: Ending Domain Validation
[   14.545246] scsi target2:0:1: asynchronous
[   14.782272] sd 2:0:0:0: Attached scsi generic sg0 type 0
[   14.806676] sd 2:0:0:0: [sda] 20971520 512-byte logical blocks: (10.7 GB/10.0 GiB)
[   14.807735] sd 2:0:0:0: [sda] Write Protect is off
[   14.808733] sd 2:0:0:0: [sda] Incomplete mode parameter data
[   14.809007] sd 2:0:1:0: [sdb] 20480 512-byte logical blocks: (10.5 MB/10.0 MiB)
[   14.809049] sd 2:0:1:0: [sdb] Write Protect is off
[   14.809104] sd 2:0:1:0: [sdb] Incomplete mode parameter data
[   14.809105] sd 2:0:1:0: [sdb] Assuming drive cache: write through
[   14.815049] sd 2:0:1:0: Attached scsi generic sg1 type 0
[   14.922064] sd 2:0:1:0: [sdb] Attached SCSI disk
[   15.562160] sd 2:0:0:0: [sda] Assuming drive cache: write through
[   15.685544]  sda: sda1
[   15.943069] sd 2:0:0:0: [sda] Attached SCSI disk
Begin: Loading essential drivers ... [   17.904091] raid6: sse2x1   gen() 11431 MB/s
[   17.984083] raid6: sse2x1   xor()  7565 MB/s
[   18.068084] raid6: sse2x2   gen() 12433 MB/s
[   18.180063] raid6: sse2x2   xor()  8639 MB/s
[   18.264059] raid6: sse2x4   gen() 13538 MB/s
[   18.344082] raid6: sse2x4   xor()  8229 MB/s
[   18.496082] raid6: avx2x1   gen() 20870 MB/s
[   18.576071] raid6: avx2x1   xor() 14074 MB/s
[   18.716073] raid6: avx2x2   gen() 28829 MB/s
[   18.872069] raid6: avx2x2   xor() 14355 MB/s
[   18.960069] raid6: avx2x4   gen() 26242 MB/s
[   19.056299] raid6: avx2x4   xor() 13324 MB/s
[   19.100374] raid6: using algorithm avx2x2 gen() 28829 MB/s
[   19.109305] raid6: .... xor() 14355 MB/s, rmw enabled
[   19.110303] raid6: using avx2x2 recovery algorithm
[   19.143765] xor: automatically using best checksumming function   avx       
[   19.373797] async_tx: api initialized (async)
done.
Begin: Running /scripts/init-premount ... done.
Begin: Mounting root file syste[   19.576716] Btrfs loaded, crc32c=crc32c-intel
m ... Begin: Running /scripts/local-top ... done.
Begin: Running /scripts/local-premount ... Scanning for Btrfs filesystems
done.
Warning: fsck not present, so skipping root file system
[   19.789308] EXT4-fs (sda1): mounted filesystem with ordered data mode. Opts: (null)
done.
Begin: Running /scripts/local-bottom ... done.
Begin: Running /scripts/init-bottom ... done.
[   21.097238] ip_tables: (C) 2000-2006 Netfilter Core Team
[   21.190189] systemd[1]: systemd 237 running in system mode. (+PAM +AUDIT +SELINUX +IMA +APPARMOR +SMACK +SYSVINIT +UTMP +LIBCRYPTSETUP +GCRYPT +GNUTLS +ACL +XZ +LZ4 +SECCOMP +BLKID +ELFUTILS +KMOD -IDN2 +IDN -PCRE2 default-hierarchy=hybrid)
[   21.563951] systemd[1]: Detected virtualization oracle.
[   21.564738] systemd[1]: Detected architecture x86-64.

Welcome to [1mUbuntu 18.04 LTS[0m!

[   21.706080] systemd[1]: Set hostname to <ubuntu>.
[   22.240965] random: crng init done
[   22.252543] systemd[1]: Initializing machine ID from random generator.
[   22.511937] systemd[1]: Installed transient /etc/machine-id file.
[   24.165490] systemd[1]: Set up automount Arbitrary Executable File Formats File System Automount Point.
[[0;32m  OK  [0m] Set up automount Arbitrary Executab…rmats File System Automount Point.
[   24.323653] systemd[1]: Reached target Swap.
[[0;32m  OK  [0m] Reached target Swap.
[   24.325065] systemd[1]: Started Forward Password Requests to Wall Directory Watch.
[[0;32m  OK  [0m] Started Forward Password Requests to Wall Directory Watch.
[   24.328321] systemd[1]: Created slice User and Session Slice.
[[0;32m  OK  [0m] Created slice User and Session Slice.
[[0;32m  OK  [0m] Reached target User and Group Name Lookups.
[[0;32m  OK  [0m] Created slice System Slice.
[[0;32m  OK  [0m] Listening on Journal Audit Socket.
[[0;32m  OK  [0m] Created slice system-serial\x2dgetty.slice.
[[0;32m  OK  [0m] Listening on Network Service Netlink Socket.
[[0;32m  OK  [0m] Listening on Device-mapper event daemon FIFOs.
[[0;32m  OK  [0m] Reached target Slices.
[[0;32m  OK  [0m] Listening on Journal Socket.
         Starting Create list of required st…ce nodes for the current kernel...
[[0;32m  OK  [0m] Listening on Syslog Socket.
         Mounting Huge Pages File System...
[[0;32m  OK  [0m] Listening on udev Control Socket.
[[0;32m  OK  [0m] Listening on LVM2 poll daemon socket.
[[0;32m  OK  [0m] Listening on /dev/initctl Compatibility Named Pipe.
[[0;32m  OK  [0m] Listening on udev Kernel Socket.
         Starting Remount Root and Kernel File Systems...
[[0;32m  OK  [0m] Listening on LVM2 metadata daemon socket.
         Starting Monitoring of LVM2 mirrors…ng dmeventd or progress polling...
         Starting Load Kernel Modules...
         Starting Uncomplicated firewall...
         Mounting POSIX Message Queue File System...
         Starting udev Coldplug all Devices...
         Mounting Kernel Debug File System...
         Starting Set the console keyboard layout...
[   25.606942] Loading iSCSI transport class v2.0-870.
[[0;32m  OK  [0m] Listening on Journal Socket (/dev/log).
         Starting Journal Service...
[[0;32m  OK  [0m] Reached target System Time Synchronized.
[[0;32m  OK  [0m] Started Create list of required sta…vice nodes for the curr[   25.873048] iscsi: registered transport (tcp)
ent kernel.
[[0;32m  OK  [0m] Started Uncomplicated firewall.
         Starting Create Static Device Nodes in /dev...
[[0;32m  OK  [0m] Started udev Coldplug all Devices.
[[0;32m  OK  [0m] Started Journal Service.
[   26.183677] iscsi: registered transport (iser)
[[0;32m  OK  [0m] Started Load Kernel Modules.
         Mounting FUSE Control File System...
         Starting Apply Kernel Variables...
         Mounting Kernel Configuration File System...
[[0;32m  OK  [0m] Started Create Static Device Nodes in /dev.
[[0;32m  OK  [0m] Mounted Huge Pages File System.
[[0;32m  OK  [0m] Mounted POSIX Message Queue File System.
[[0;32m  OK  [0m] Started Remount Root and Kernel File Systems.
[[0;32m  OK  [0m] Mounted Kernel Debug File System.
[[0;32m  OK  [0m] Mounted FUSE Control File System.
[[0;32m  OK  [0m] Mounted Kernel Configuration File System.
         Starting Initial cloud-init job (pre-networking)...
         Starting Flush Journal to Persistent Storage...
         Starting udev Kernel Device Manager...
         Starting Load/Save Random Seed...
[[0;32m  OK  [0m] Started Apply Kernel Variables.
[[0;32m  OK  [0m] Started LVM2 metadata daemon.
[[0;32m  OK  [0m] Started Set the console keyboard layout.
[[0;32m  OK  [0m] Started Load/Save Random Seed.
[[0;32m  OK  [0m] Started Monitoring of LVM2 mirrors,…sing dmeventd or progress polling.
[[0;32m  OK  [0m] Started udev Kernel Device Manager.
[[0;32m  OK  [0m] Started Dispatch Password Requests to Console Directory Watch.
[[0;32m  OK  [0m] Reached target Local Encrypted Volumes.
[[0;32m  OK  [0m] Reached target Local File Systems (Pre).
[[0;32m  OK  [0m] Reached target Local File Systems.
         Starting Set console font and keymap...
         Starting Tell Plymouth To Write Out Runtime Data...
         Starting AppArmor initialization...
         Starting ebtables ruleset management...
         Starting Commit a transient machine-id on disk...
[[0;32m  OK  [0m] Started Flush Journal to Persistent Storage.
[[0;32m  OK  [0m] Started Set console font and keymap.
[[0;32m  OK  [0m] Started Tell Plymouth To Write Out Runtime Data.
[[0;32m  OK  [0m] Found device /dev/ttyS0.
         Starting Create Volatile Files and Directories...
[[0;32m  OK  [0m] Started Commit a transient machine-id on disk.
[[0;32m  OK  [0m] Started Create Volatile Files and Directories.
[[0;32m  OK  [0m] Listening on Load/Save RF Kill Switch Status /dev/rfkill Watch.
         Starting Update UTMP about System Boot/Shutdown...
[[0;32m  OK  [0m] Started ebtables ruleset management.
[[0;32m  OK  [0m] Started Update UTMP about System Boot/Shutdown.
[[0;32m  OK  [0m] Started AppArmor initialization.
[   33.516403] cloud-init[402]: Cloud-init v. 18.2 running 'init-local' at Thu, 05 Jul 2018 20:54:06 +0000. Up 32.86 seconds.
[[0;32m  OK  [0m] Started Initial cloud-init job (pre-networking).
[[0;32m  OK  [0m] Reached target Network (Pre).
         Starting Network Service...
[[0;32m  OK  [0m] Started Network Service.
         Starting Wait for Network to be Configured...
         Starting Network Name Resolution...
[[0;32m  OK  [0m] Started Network Name Resolution.
[[0;32m  OK  [0m] Reached target Network.
[[0;32m  OK  [0m] Reached target Host and Network Name Lookups.
[[0;32m  OK  [0m] Started Wait for Network to be Configured.
         Starting Initial cloud-init job (metadata service crawler)...
[   38.290983] cloud-init[677]: Cloud-init v. 18.2 running 'init' at Thu, 05 Jul 2018 20:54:08 +0000. Up 35.38 seconds.
[   38.340101] cloud-init[677]: ci-info: +++++++++++++++++++++++++++++++++++++Net device info++++++++++++++++++++++++++++++++++++++
[   38.341208] cloud-init[677]: ci-info: +--------+------+---------------------------+---------------+--------+-------------------+
[   38.342317] cloud-init[677]: ci-info: | Device |  Up  |          Address          |      Mask     | Scope  |     Hw-Address    |
[   38.343411] cloud-init[677]: ci-info: +--------+------+---------------------------+---------------+--------+-------------------+
[   38.344504] cloud-init[677]: ci-info: | enp0s3 | True |         10.0.2.15         | 255.255.255.0 | global | 02:0d:b6:bd:48:b1 |
[[0;32m  OK  [0m] Started Initial cloud-init job (metadata service crawler).
[[0;32m  OK  [0m] Reached target Cloud-config availability.
[[0;32m  OK  [0m] Reached target Network is Online.
         Starting iSCSI initiator daemon (iscsid)...
[[0;32m  OK  [0m] Reached target System Initialization.
[[0;32m  OK  [0m] Started Message of the Day.
[[0;32m  OK  [0m] Started Discard unused blocks once a week.
[[0;32m  OK  [0m] Started Daily apt download activities.
[   38.365356] cloud-init[677]: ci-info: | enp0s3 | True | fe80::d:b6ff:febd:48b1/64 |       .       |  link  | 02:0d:b6:bd:48:b1 |
[[0;32m  OK  [0m] Started ACPI Events Check.
[[0;32m  OK  [0m] Reached target Paths.
[   38.662398] cloud-init[677]: ci-info: |   lo   | True |         127.0.0.1         |   255.0.0.0   |  host  |         .         |
         Starting Socket activation for snappy daemon.
[   38.707006] [cloud-init[0;32m  OK  [0m[677]: ] ci-info: |   lo   | True |          ::1/128          |       .       |  host  |         .         |Listening on ACPID Listen Socket.

[[0;32m  OK  [0m] Listening on D-Bus System Message Bus Socket.
[   38.742076] [[0;32m  OK  [0m] Listening on UUID daemon activation socket.
cloud-init[677]: ci-info: +--------+------+---------------------------+---------------+--------+-------------------+
         Starting LXD - unix socket.
[   38.793093] [cloud-init[0;32m  OK  [0m[677]: ] ci-info: ++++++++++++++++++++++++++++Route IPv4 info+++++++++++++++++++++++++++++Started Daily Cleanup of Temporary Directories.

[[0;32m  OK  [0m] Started Daily apt upgrade and clean activities.
[[0;32m  OK  [0m] Reached target Timers.
[   38.845940] cloud-init[677]: [[0;32m  OK  [0m] Listening on Socket activation for snappy daemon.
[[0;32m  OK  [0m] Listening on LXD - unix socket.
ci-info: +-------+-------------+----------+-----------------+-----------+-------+
[[0;32m  OK  [0m] Reached target Sockets.
[[0;32m  OK  [0m] Reached target Basic System.
[   38.910180] cloud-init[677]: ci-info: | Route | Destination | Gateway  |     Genmask     | Interface | Flags |
[[0;32m  OK  [0m] Started Regular background program processing daemon.
[   38.985528] cloud-init[677]: ci-info: +-------+-------------+----------+-----------------+-----------+-------+         Starting Accounts Service...
         Starting LSB: Record successful boot for GRUB...

[[0;32m  OK  [0m] Started Deferred execution scheduler.
[   38.991442] cloud-init[677]: ci-info: |   0   |   0.0.0.0   | 10.0.2.2 |     0.0.0.0     |   enp0s3  |   UG  |
[   39.065325] cloud-init[677]: ci-info: |   1   |   10.0.2.0  | 0.0.0.0  |  255.255.255.0  |   enp0s3  |   U   |
[   39.076368] cloud-init[677]: ci-info: |   2   |   10.0.2.2  | 0.0.0.0  | 255.255.255.255 |   enp0s3  |   UH  |
[[0;32m  OK  [0m] Started irqbalance daemon.
[   39.172439] cloud-init[677]: ci-info: +-------+-------------+----------+-----------------+-----------+-------+
         Starting Pollinate to seed the pseudo random number generator...
[   39.185539] cloud-init[677]: ci-info: +++++++++++++++++++Route IPv6 info+++++++++++++++++++
         Starting Apply the settings specified in cloud-config...
[[0;32m  OK  [0m] Started FUSE filesystem for LXC.
         Starting LXD - container startup/shutdown...
[   39.187298] cloud-init[677]: ci-info: +-------+-------------+---------+-----------+-------+
         [   39.360346] Starting Dispatcher daemon for systemd-networkd...cloud-init
[677]: ci-info: | Route | Destination | Gateway | Interface | Flags |
[   39.431204] cloud-init[677]: ci-info: +-------+-------------+---------+-----------+-------+
[   39.431315] cloud-init[677]: ci-info: |   1   |  fe80::/64  |    ::   |   enp0s3  |   U   |
[   39.431783] cloud-init[677]: ci-info: |   3   |    local    |    ::   |   enp0s3  |   U   |
         Starting Virtualbox guest utils...
[   39.432537] cloud-init[677]: ci-info: |   4   |   ff00::/8  |    ::   |   enp0s3  |   U   |
[   39.633307] cloud-init[677]: ci-info: +-------+-------------+---------+-----------+-------+
[   39.634043] cloud-init[677]: Generating public/private rsa key pair.
[   39.634632] cloud-init[677]: Your identification has been saved in /etc/ssh/ssh_host_rsa_key.
[[   39.647007] cloud-init[677]: Your public key has been saved in /etc/ssh/ssh_host_rsa_key.pub.
[   39.647141] cloud-init[677]: The key fingerprint is:
[   39.647363] cloud-init[677]: SHA256:cczdqCnT4fpofWbxCzJWeZjCKqnv7QTW3aL/3f4G89c root@ubuntu-bionic
[   39.647597] cloud-init[677]: The key's randomart image is:
[   39.647857] cloud-init[677]: +---[RSA 2048]----+
[   39.648260] cloud-init[677]: |                 |
[0;32m  OK  [0m] Started D-Bus System Message Bus.
[   39.648296] cloud-init[677]: |         o . o   |
[   39.717876] cloud-init[677]: |        . = o .  |
[   39.734348] cloud-init[677]: |       . B = +   |
[   39.748434] cloud-init[677]: |      o S X * .  |
[   39.757873] cloud-init[677]: |     . o * +..o  |
[   39.759668] cloud-init[677]: |      o =.+ .o +.|
[   39.761331] cloud-init[677]: |     . +.=.o+o..E|
[   39.774697] cloud-init[677]: |    .ooo+ o=. o+*|
[   39.777547] cloud-init[677]: +----[SHA256]-----+
[   39.829043] cloud-init[677]: Generating public/private dsa key pair.
[   39.880285] cloud-init[677]: Your identification has been saved in /etc/ssh/ssh_host_dsa_key.
[   39.897233] cloud-init[677]: Your public key has been saved in /etc/ssh/ssh_host_dsa_key.pub.
[   39.898623] cloud-init[677]: The key fingerprint is:
[   39.912235] cloud-init[677]: SHA256:1oYVKOLPYJP0xCYTDTciX7j0ppELggTQIzsckU6bASw root@ubuntu-bionic
[   39.918393] cloud-init[677]: The key's randomart image is:
[   39.919352] cloud-init[677]: +---[DSA 1024]----+
[   39.929138] cloud-init[677]: |Oo+ +*+  ..      |
[   39.939444] cloud-init[677]: |EBooB+*..  .     |
[   39.940410] cloud-init[677]: |Bo==.% .  .      |
[   39.956818] cloud-init[677]: |==. X +  +       |
[   39.957988] cloud-init[677]: | o o X  S o      |
[   39.962708] cloud-init[677]: |    o o. .       |
[   40.000725] cloud-init[677]: |                 |
[   40.024173] cloud-init[677]: |                 |
[   40.029973] cloud-init[677]: |                 |
[   40.030516] cloud-init[677]: +----[SHA256]-----+
[   40.032517] cloud-init[677]: Generating public/private ecdsa key pair.
[   40.043057] cloud-init[677]: Your identification has been saved in /etc/ssh/ssh_host_ecdsa_key.
[   40.060541] cloud-init[677]: Your public key has been saved in /etc/ssh/ssh_host_ecdsa_key.pub.
[   40.098635] cloud-init[677]: The key fingerprint is:
[   40.100770] cloud-init[677]: SHA256:vrhfttXaQXt3U+Xd67shgfweLykJebIrMliesR8ksjM root@ubuntu-bionic
[   40.172532] cloud-init[677]: The key's randomart image is:
[   40.200544] cloud-init[677]: +---[ECDSA 256]---+
[   40.228532] cloud-init[677]: |                 |
[   40.232142] cloud-init[677]: |                 |
[   40.249290] cloud-init[677]: |                .|
[   40.257014] cloud-init[677]: |          . .  .+|
[   40.264399] cloud-init[677]: |   . . .S .o .. =|
[   40.266121] cloud-init[677]: |    ooo. + ..o..o|
[   40.281961] cloud-init[677]: |   E+ +.. B o+=++|
[   40.308741] cloud-init[677]: |   .o* o.= =.==o=|
[   40.310554] cloud-init[677]: |      *++.o o.o=o|
[   40.312218] cloud-init[677]: +----[SHA256]-----+
[   40.332525] cloud-init[677]: Generating public/private ed25519 key pair.
[   40.370847] cloud-init[677]: Your identification has been saved in /etc/ssh/ssh_host_ed25519_key.
[   40.432713] cloud-init[677]: Your public key has been saved in /etc/ssh/ssh_host_ed25519_key.pub.
[   40.473916] cloud-init[677]: The key fingerprint is:
[   40.505323] cloud-init[677]: SHA256:ttsk+T0hB66FDOnBAzn3CfFwqfSS0C90j7aSdxVs6UE root@ubuntu-bionic
         [   40.526361] cloud-init[677]: The key's randomart image is:
[   40.527063] cloud-init[677]: +--[ED25519 256]--+
Starting Login Service...
[   40.529047] cloud-init[677]: |     oo... oE.   |
         Starting System Logging Service...
[   40.571766] cloud-init[677]: |    = *+o   *    |
[[0;32m  OK  [0m] Started Unattended Upgrades Shutdown.
[   40.589169] cloud-init[677]: |     O X.+ o o   |
[   40.642124] cloud-init[677]: |      @ B o o    |
[   40.664555] cloud-init[677]: |     . XS+ o     |
[   40.704802] cloud-init[677]: |      +.=o= o    |
[   40.726491] cloud-init[677]: |       o++.o .   |
[   40.728274] cloud-init[677]: |        .* ..    |
[   40.729955] cloud-init[677]: |        . o ..   |
[   40.731743] cloud-init[677]: +----[SHA256]-----+
         Starting Snappy daemon...
[[0;32m  OK  [0m] Started iSCSI initiator daemon (iscsid).
[[0;32m  OK  [0m] Started Login Service.
         Starting Availability of block devices...
[[0;32m  OK  [0m] Reached target Remote File Systems (Pre).
[[0;32m  OK  [0m] Reached target Remote File Systems.
         Starting LSB: automatic crash report generation...
         Starting Permit User Sessions...
[[0;32m  OK  [0m] Started System Logging Service.
[[0;32m  OK  [0m] Started Availability of block devices.
[[0;32m  OK  [0m] Started Permit User Sessions.
         Starting Terminate Plymouth Boot Screen...
         Starting Hold until boot process finishes up...
         Starting Authorization Manager...
[[0;32m  OK  [0m] Started Terminate Plymouth Boot Screen.
[[0;32m  OK  [0m] Started Hold until boot process finishes up.
[[0;32m  OK  [0m] Started Dispatcher daemon for systemd-networkd.
[[0;32m  OK  [0m] Started Serial Getty on ttyS0.
         Starting Set console scheme...
[[0;32m  OK  [0m] Started LSB: automatic crash report generation.
[[0;32m  OK  [0m] Started Set console scheme.
[[0;32m  OK  [0m] Created slice system-getty.slice.
[[0;32m  OK  [0m] Started Getty on tty1.
[[0;32m  OK  [0m] Reached target Login Prompts.
[[0;32m  OK  [0m] Started LSB: Record successful boot for GRUB.
[[0;32m  OK  [0m] Started Authorization Manager.
[[0;32m  OK  [0m] Started Accounts Service.
[[0;32m  OK  [0m] Started Virtualbox guest utils.
[[0;32m  OK  [0m] Started Pollinate to seed the pseudo random number generator.
         Starting OpenBSD Secure Shell server...
[[0;32m  OK  [0m] Started LXD - container startup/shutdown.
[[0;32m  OK  [0m] Started OpenBSD Secure Shell server.
[[0;32m  OK  [0m] Started Snappy daemon.
         Starting Wait until snapd is fully seeded...
[[0;32m  OK  [0m] Created slice User Slice of vagrant.
         Starting User Manager for UID 1000...
[[0;32m  OK  [0m] Started Session 1 of user vagrant.
[[0;32m  OK  [0m] Started User Manager for UID 1000.
[   45.543773] cloud-init[896]: Cloud-init v. 18.2 running 'modules:config' at Thu, 05 Jul 2018 20:54:13 +0000. Up 39.64 seconds.
[[0;32m  OK  [0m] Started Apply the settings specified in cloud-config.
ci-info: no authorized ssh keys fingerprints found for user ubuntu.

Ubuntu 18.04 LTS ubuntu-bionic ttyS0

<14>Jul  5 20:54:21 ec2: 
<14>Jul  5 20:54:21 ec2: #############################################################
<14>Jul  5 20:54:21 ec2: -----BEGIN SSH HOST KEY FINGERPRINTS-----
<14>Jul  5 20:54:21 ec2: 1024 SHA256:1oYVKOLPYJP0xCYTDTciX7j0ppELggTQIzsckU6bASw root@ubuntu-bionic (DSA)
<14>Jul  5 20:54:21 ec2: 256 SHA256:vrhfttXaQXt3U+Xd67shgfweLykJebIrMliesR8ksjM root@ubuntu-bionic (ECDSA)
<14>Jul  5 20:54:21 ec2: 256 SHA256:ttsk+T0hB66FDOnBAzn3CfFwqfSS0C90j7aSdxVs6UE root@ubuntu-bionic (ED25519)
<14>Jul  5 20:54:21 ec2: 2048 SHA256:cczdqCnT4fpofWbxCzJWeZjCKqnv7QTW3aL/3f4G89c root@ubuntu-bionic (RSA)
<14>Jul  5 20:54:21 ec2: -----END SSH HOST KEY FINGERPRINTS-----
<14>Jul  5 20:54:21 ec2: #############################################################
-----BEGIN SSH HOST KEY KEYS-----
ecdsa-sha2-nistp256 AAAAE2VjZHNhLXNoYTItbmlzdHAyNTYAAAAIbmlzdHAyNTYAAABBBOSLJP9mPdnqhK2Wq4gWU2ssOTharoiy7MP1m0FzGJuf1+DyPWX5e6CA0EOcO2tjc4d7nZCHpk0QcCoNAXhwV+s= root@ubuntu-bionic
ssh-ed25519 AAAAC3NzaC1lZDI1NTE5AAAAIDO7CpMT3RQaiTjjurZU9GIrlxnOl8FGDtZPKTliXCuL root@ubuntu-bionic
ssh-rsa AAAAB3NzaC1yc2EAAAADAQABAAABAQDg7Pf7+YsoiOHjftYpZyjovtvSwr6FSEXvl/fWIHYz71ZLbHpLFApz8OeY+1ucBG6e7nDpEnWolLo93dfHz5Zr9hhfUsyDqVRemwYYeBuvfDvgXoiAqvx0YcxRzoMaaoroYFYwEeU+i0/ovldFKtiGz4P0tzx9g4aDpNXXLL1MK18uWaVcz0Zs5p1rtxbd+rBqeCUv5mxd0Z03Xqh69thQpP+OnjaN9SIyKZaD/FSJvjIZn8OxsBjq2DoZ7o8wfY+eACYDXt+q0yrcEo5Xhmc8NIsjOqEERn6lv7aYXrKFio2WEk+k1RbP1bxYzfwlhrvAFqsdAUjI88+M0XX/l6Qz root@ubuntu-bionic
-----END SSH HOST KEY KEYS-----
[   47.695264] cloud-init[1415]: Cloud-init v. 18.2 running 'modules:final' at Thu, 05 Jul 2018 20:54:20 +0000. Up 47.23 seconds.
[   47.695332] cloud-init[1415]: ci-info: no authorized ssh keys fingerprints found for user ubuntu.
[   47.695383] cloud-init[1415]: Cloud-init v. 18.2 finished at Thu, 05 Jul 2018 20:54:21 +0000. Datasource DataSourceNoCloud [seed=/dev/sdb][dsmode=net].  Up 47.68 seconds
ubuntu-bionic login: 